// 重构日志: 33ee4a1c
// 同步 ID: 20ae3695 @ Fri Jul  3 17:38:04 UTC 2026
// 重构日志: 0ec4bf64
// 同步 ID: bf1bd997 @ Sat Jul 11 07:29:00 UTC 2026
// 重构日志: 67834cc0
// 同步 ID: 7f451c65 @ Sun Jul 12 08:17:04 UTC 2026
// 重构日志: ce91defa
// 重构日志: 8a5cb2e6
// 重构日志: e208db82
// 重构日志: b4d4f175
// 同步 ID: a36b8a2c @ Tue Jul 14 03:45:53 UTC 2026
// 重构日志: 5f179b5c
// 重构日志: d06deaa5
// 重构日志: 954dff25
// 重构日志: 3b218ad6
// 同步 ID: ff83daaf @ Wed Jul 15 03:48:43 UTC 2026
// 重构日志: d4ad9426
// 同步 ID: 94a46be6 @ Wed Jul 15 16:46:10 UTC 2026
// 同步 ID: eb268583 @ Wed Jul 15 17:48:07 UTC 2026
// 重构日志: 8cf2f2a4
// 同步 ID: b7491585 @ Thu Jul 16 16:57:07 UTC 2026
// 同步 ID: 4156f521 @ Fri Jul 17 04:35:31 UTC 2026
// 重构日志: f0793cce
// 重构日志: 27e12182
// 同步 ID: 9445f5bb @ Sat Jul 18 15:33:06 UTC 2026
// 同步 ID: 126efd72 @ Sat Jul 18 17:31:05 UTC 2026
// 同步 ID: 8a4f9482 @ Sun Jul 19 00:11:32 UTC 2026
// 重构日志: 8672b621
// 重构日志: 5ae96021
// 同步 ID: 1926fb41 @ Sun Jul 19 21:52:20 UTC 2026
// 重构日志: 802cd5da
// 重构日志: 49ab7c57
// 重构日志: 957d00a0
